D:\VS_PROJECT\WRITE_EXCEL\WRITE_EXCEL\DEBUG\WRITE_EXCEL.PCH
D:\VS_PROJECT\WRITE_EXCEL\WRITE_EXCEL\DEBUG\STDAFX.OBJ
D:\VS_PROJECT\WRITE_EXCEL\WRITE_EXCEL\DEBUG\VC110.PDB
D:\VS_PROJECT\WRITE_EXCEL\WRITE_EXCEL\DEBUG\WRITE_EXCEL.OBJ
D:\VS_PROJECT\WRITE_EXCEL\WRITE_EXCEL\DEBUG\WRITE_EXCELDLG.OBJ
D:\VS_PROJECT\WRITE_EXCEL\DEBUG\WRITE_EXCEL.ILK
D:\VS_PROJECT\WRITE_EXCEL\DEBUG\WRITE_EXCEL.EXE
D:\VS_PROJECT\WRITE_EXCEL\DEBUG\WRITE_EXCEL.PDB
D:\VS_PROJECT\WRITE_EXCEL\WRITE_EXCEL\DEBUG\WRITE_EXCEL.RES
D:\vs_project\write_excel\write_excel\Debug\stdafx.obj
D:\vs_project\write_excel\write_excel\Debug\write_excel.obj
D:\vs_project\write_excel\write_excel\Debug\write_excelDlg.obj
D:\vs_project\write_excel\write_excel\Debug\cl.command.1.tlog
D:\vs_project\write_excel\write_excel\Debug\CL.read.1.tlog
D:\vs_project\write_excel\write_excel\Debug\CL.write.1.tlog
D:\vs_project\write_excel\write_excel\Debug\link-cvtres.read.1.tlog
D:\vs_project\write_excel\write_excel\Debug\link-cvtres.write.1.tlog
D:\vs_project\write_excel\write_excel\Debug\link-mt.read.1.tlog
D:\vs_project\write_excel\write_excel\Debug\link-mt.write.1.tlog
D:\vs_project\write_excel\write_excel\Debug\link-rc.read.1.tlog
D:\vs_project\write_excel\write_excel\Debug\link-rc.write.1.tlog
D:\vs_project\write_excel\write_excel\Debug\link.command.1.tlog
D:\vs_project\write_excel\write_excel\Debug\link.read.1.tlog
D:\vs_project\write_excel\write_excel\Debug\link.write.1.tlog
D:\vs_project\write_excel\write_excel\Debug\rc.command.1.tlog
D:\vs_project\write_excel\write_excel\Debug\rc.read.1.tlog
D:\vs_project\write_excel\write_excel\Debug\rc.write.1.tlog
D:\vs_project\write_excel\write_excel\Debug\write_excel.res
D:\vs_project\write_excel\write_excel\Debug\write_excel.pch
D:\vs_project\write_excel\write_excel\Debug\vc110.idb
D:\vs_project\write_excel\write_excel\Debug\vc110.pdb
D:\vs_project\write_excel\Debug\write_excel.pdb
D:\vs_project\write_excel\Debug\write_excel.exe
D:\vs_project\write_excel\Debug\write_excel.ilk
